<?xml version="1.0" encoding="utf-8"?><testsuites name="pytest tests"><testsuite name="pytest" errors="0" failures="0" skipped="0" tests="4" time="8.515" timestamp="2026-06-05T11:03:14.114952+01:00" hostname="NJOYA"><testcase classname="tests.test_auth" name="test_register_user" time="3.277" /><testcase classname="tests.test_auth" name="test_login_and_me" time="2.422" /><testcase classname="tests.test_auth" name="test_token_refresh" time="2.006" /><testcase classname="tests.test_auth" name="test_protected_without_token" time="0.037" /></testsuite></testsuites>